<?xml version="1.0" encoding="utf-8"?><testsuites name="pytest tests"><testsuite name="pytest" errors="0" failures="0" skipped="0" tests="9" time="0.098" timestamp="2025-11-08T18:25:28.063453+00:00" hostname="6ce9f31b2909"><testcase classname="tests.ai_skills.test_evaluator" name="test_exact_match_reports_full_score" time="0.001" /><testcase classname="tests.ai_skills.test_evaluator" name="test_partial_overlap_reports_similarity" time="0.001" /><testcase classname="tests.ai_skills.test_evaluator" name="test_dict_conversion_preserves_fields" time="0.001" /><testcase classname="tests.ai_skills.test_template_engine" name="test_render_known_template" time="0.001" /><testcase classname="tests.ai_skills.test_template_engine" name="test_missing_template_key_raises_keyerror" time="0.001" /><testcase classname="tests.ai_skills.test_template_engine" name="test_extra_template_key_raises_keyerror" time="0.001" /><testcase classname="tests.ai_skills.test_template_engine" name="test_empty_template_raises_value_error" time="0.003" /><testcase classname="tests.ai_skills.test_template_engine" name="test_path_traversal_raises_permission_error" time="0.001" /><testcase classname="tests.ai_skills.test_template_engine" name="test_describe_returns_placeholder_metadata" time="0.001" /></testsuite></testsuites>